Determining if the pthread_create exist failed with the following output:
Change Dir: /home/mpuig/catkin_ws/build/CMakeFiles/CMakeTmp

Run Build Command:"/usr/bin/make" "cmTC_4e09c/fast"
/usr/bin/make -f CMakeFiles/cmTC_4e09c.dir/build.make CMakeFiles/cmTC_4e09c.dir/build
make[1]: Entering directory '/home/mpuig/catkin_ws/build/CMakeFiles/CMakeTmp'
Building C object CMakeFiles/cmTC_4e09c.dir/CheckSymbolExists.c.o
/usr/bin/cc    -o CMakeFiles/cmTC_4e09c.dir/CheckSymbolExists.c.o   -c /home/mpuig/catkin_ws/build/CMakeFiles/CMakeTmp/CheckSymbolExists.c
Linking C executable cmTC_4e09c
/usr/bin/cmake -E cmake_link_script CMakeFiles/cmTC_4e09c.dir/link.txt --verbose=1
/usr/bin/cc      -rdynamic CMakeFiles/cmTC_4e09c.dir/CheckSymbolExists.c.o  -o cmTC_4e09c 
CMakeFiles/cmTC_4e09c.dir/CheckSymbolExists.c.o: In function `main':
CheckSymbolExists.c:(.text+0x1b): undefined reference to `pthread_create'
collect2: error: ld returned 1 exit status
CMakeFiles/cmTC_4e09c.dir/build.make:97: recipe for target 'cmTC_4e09c' failed
make[1]: *** [cmTC_4e09c] Error 1
make[1]: Leaving directory '/home/mpuig/catkin_ws/build/CMakeFiles/CMakeTmp'
Makefile:126: recipe for target 'cmTC_4e09c/fast' failed
make: *** [cmTC_4e09c/fast] Error 2

File /home/mpuig/catkin_ws/build/CMakeFiles/CMakeTmp/CheckSymbolExists.c:
/* */
#include <pthread.h>

int main(int argc, char** argv)
{
  (void)argv;
#ifndef pthread_create
  return ((int*)(&pthread_create))[argc];
#else
  (void)argc;
  return 0;
#endif
}

Determining if the function pthread_create exists in the pthreads failed with the following output:
Change Dir: /home/mpuig/catkin_ws/build/CMakeFiles/CMakeTmp

Run Build Command:"/usr/bin/make" "cmTC_faacf/fast"
/usr/bin/make -f CMakeFiles/cmTC_faacf.dir/build.make CMakeFiles/cmTC_faacf.dir/build
make[1]: Entering directory '/home/mpuig/catkin_ws/build/CMakeFiles/CMakeTmp'
Building C object CMakeFiles/cmTC_faacf.dir/CheckFunctionExists.c.o
/usr/bin/cc   -DCHECK_FUNCTION_EXISTS=pthread_create   -o CMakeFiles/cmTC_faacf.dir/CheckFunctionExists.c.o   -c /usr/share/cmake-3.10/Modules/CheckFunctionExists.c
Linking C executable cmTC_faacf
/usr/bin/cmake -E cmake_link_script CMakeFiles/cmTC_faacf.dir/link.txt --verbose=1
/usr/bin/cc  -DCHECK_FUNCTION_EXISTS=pthread_create    -rdynamic CMakeFiles/cmTC_faacf.dir/CheckFunctionExists.c.o  -o cmTC_faacf -lpthreads 
/usr/bin/ld: cannot find -lpthreads
collect2: error: ld returned 1 exit status
CMakeFiles/cmTC_faacf.dir/build.make:97: recipe for target 'cmTC_faacf' failed
make[1]: *** [cmTC_faacf] Error 1
make[1]: Leaving directory '/home/mpuig/catkin_ws/build/CMakeFiles/CMakeTmp'
Makefile:126: recipe for target 'cmTC_faacf/fast' failed
make: *** [cmTC_faacf/fast] Error 2


